<?xml version="1.0" encoding="UTF-8"?>
<!-- Generated by org.testng.reporters.JUnitReportReporter -->
<testsuite hostname="Atul-Ekta" failures="0" tests="1" name="pack1.NewTest" time="6.840" errors="0" timestamp="2023-06-30T08:37:32 IST" skipped="0">
  <testcase classname="pack1.NewTest" name="f" time="6.840"/>
</testsuite> <!-- pack1.NewTest -->
